[2026-03-10 01:48:21] production.ERROR: The /home/runner/work/stadi/stadi/bootstrap/cache directory must be present and writable. {"exception":"[object] (Exception(code: 0): The /home/runner/work/stadi/stadi/bootstrap/cache directory must be present and writable. at /home/runner/work/stadi/stadi/vendor/laravel/framework/src/Illuminate/Foundation/PackageManifest.php:179)
[stacktrace]
#0 /home/runner/work/stadi/stadi/vendor/laravel/framework/src/Illuminate/Foundation/PackageManifest.php(132): Illuminate\\Foundation\\PackageManifest->write()
#1 /home/runner/work/stadi/stadi/vendor/laravel/framework/src/Illuminate/Foundation/PackageManifest.php(108): Illuminate\\Foundation\\PackageManifest->build()
#2 /home/runner/work/stadi/stadi/vendor/laravel/framework/src/Illuminate/Foundation/PackageManifest.php(91): Illuminate\\Foundation\\PackageManifest->getManifest()
#3 /home/runner/work/stadi/stadi/vendor/laravel/framework/src/Illuminate/Foundation/PackageManifest.php(80): Illuminate\\Foundation\\PackageManifest->config()
#4 /home/runner/work/stadi/stadi/vendor/laravel/framework/src/Illuminate/Foundation/Bootstrap/RegisterFacades.php(26): Illuminate\\Foundation\\PackageManifest->aliases()
#5 /home/runner/work/stadi/stadi/vendor/laravel/framework/src/Illuminate/Foundation/Application.php(342): Illuminate\\Foundation\\Bootstrap\\RegisterFacades->bootstrap()
#6 /home/runner/work/stadi/stadi/vendor/laravel/framework/src/Illuminate/Foundation/Http/Kernel.php(187): Illuminate\\Foundation\\Application->bootstrapWith()
#7 /home/runner/work/stadi/stadi/vendor/laravel/framework/src/Illuminate/Foundation/Http/Kernel.php(171): Illuminate\\Foundation\\Http\\Kernel->bootstrap()
#8 /home/runner/work/stadi/stadi/vendor/laravel/framework/src/Illuminate/Foundation/Http/Kernel.php(145): Illuminate\\Foundation\\Http\\Kernel->sendRequestThroughRouter()
#9 /home/runner/work/stadi/stadi/vendor/laravel/framework/src/Illuminate/Foundation/Application.php(1220): Illuminate\\Foundation\\Http\\Kernel->handle()
#10 /home/runner/work/stadi/stadi/public/index.php(17): Illuminate\\Foundation\\Application->handleRequest()
#11 Command line code(5): require('...')
#12 {main}
"} 
[2026-03-10 01:48:21] production.ERROR: Uncaught ReflectionException: Class "view" does not exist in /home/runner/work/stadi/stadi/vendor/laravel/framework/src/Illuminate/Container/Container.php:959
Stack trace:
#0 /home/runner/work/stadi/stadi/vendor/laravel/framework/src/Illuminate/Container/Container.php(959): ReflectionClass->__construct()
#1 /home/runner/work/stadi/stadi/vendor/laravel/framework/src/Illuminate/Container/Container.php(832): Illuminate\Container\Container->build()
#2 /home/runner/work/stadi/stadi/vendor/laravel/framework/src/Illuminate/Foundation/Application.php(1078): Illuminate\Container\Container->resolve()
#3 /home/runner/work/stadi/stadi/vendor/laravel/framework/src/Illuminate/Container/Container.php(763): Illuminate\Foundation\Application->resolve()
#4 /home/runner/work/stadi/stadi/vendor/laravel/framework/src/Illuminate/Foundation/Application.php(1058): Illuminate\Container\Container->make()
#5 /home/runner/work/stadi/stadi/vendor/laravel/framework/src/Illuminate/Container/Container.php(1580): Illuminate\Foundation\Application->make()
#6 /home/runner/work/stadi/stadi/vendor/laravel/framework/src/Illuminate/Support/Facades/Facade.php(239): Illuminate\Container\Container->offsetGet()
#7 /home/runner/work/stadi/stadi/vendor/laravel/framework/src/Illuminate/Support/Facades/Facade.php(210): Illuminate\Support\Facades\Facade::resolveFacadeInstance()
#8 /home/runner/work/stadi/stadi/vendor/laravel/framework/src/Illuminate/Support/Facades/Facade.php(355): Illuminate\Support\Facades\Facade::getFacadeRoot()
#9 /home/runner/work/stadi/stadi/vendor/laravel/framework/src/Illuminate/Foundation/Exceptions/RegisterErrorViewPaths.php(17): Illuminate\Support\Facades\Facade::__callStatic()
#10 /home/runner/work/stadi/stadi/vendor/laravel/framework/src/Illuminate/Foundation/Exceptions/Handler.php(915): Illuminate\Foundation\Exceptions\RegisterErrorViewPaths->__invoke()
#11 /home/runner/work/stadi/stadi/vendor/laravel/framework/src/Illuminate/Foundation/Exceptions/Handler.php(890): Illuminate\Foundation\Exceptions\Handler->registerErrorViewPaths()
#12 /home/runner/work/stadi/stadi/vendor/laravel/framework/src/Illuminate/Foundation/Exceptions/Handler.php(815): Illuminate\Foundation\Exceptions\Handler->renderHttpException()
#13 /home/runner/work/stadi/stadi/vendor/laravel/framework/src/Illuminate/Foundation/Exceptions/Handler.php(706): Illuminate\Foundation\Exceptions\Handler->prepareResponse()
#14 /home/runner/work/stadi/stadi/vendor/laravel/framework/src/Illuminate/Foundation/Exceptions/Handler.php(594): Illuminate\Foundation\Exceptions\Handler->renderExceptionResponse()
#15 /home/runner/work/stadi/stadi/vendor/laravel/framework/src/Illuminate/Foundation/Http/Kernel.php(575): Illuminate\Foundation\Exceptions\Handler->render()
#16 /home/runner/work/stadi/stadi/vendor/laravel/framework/src/Illuminate/Foundation/Http/Kernel.php(149): Illuminate\Foundation\Http\Kernel->renderException()
#17 /home/runner/work/stadi/stadi/vendor/laravel/framework/src/Illuminate/Foundation/Application.php(1220): Illuminate\Foundation\Http\Kernel->handle()
#18 /home/runner/work/stadi/stadi/public/index.php(17): Illuminate\Foundation\Application->handleRequest()
#19 Command line code(5): require('...')
#20 {main}

Next Illuminate\Contracts\Container\BindingResolutionException: Target class [view] does not exist. in /home/runner/work/stadi/stadi/vendor/laravel/framework/src/Illuminate/Container/Container.php:961
Stack trace:
#0 /home/runner/work/stadi/stadi/vendor/laravel/framework/src/Illuminate/Container/Container.php(832): Illuminate\Container\Container->build()
#1 /home/runner/work/stadi/stadi/vendor/laravel/framework/src/Illuminate/Foundation/Application.php(1078): Illuminate\Container\Container->resolve()
#2 /home/runner/work/stadi/stadi/vendor/laravel/framework/src/Illuminate/Container/Container.php(763): Illuminate\Foundation\Application->resolve()
#3 /home/runner/work/stadi/stadi/vendor/laravel/framework/src/Illuminate/Foundation/Application.php(1058): Illuminate\Container\Container->make()
#4 /home/runner/work/stadi/stadi/vendor/laravel/framework/src/Illuminate/Container/Container.php(1580): Illuminate\Foundation\Application->make()
#5 /home/runner/work/stadi/stadi/vendor/laravel/framework/src/Illuminate/Support/Facades/Facade.php(239): Illuminate\Container\Container->offsetGet()
#6 /home/runner/work/stadi/stadi/vendor/laravel/framework/src/Illuminate/Support/Facades/Facade.php(210): Illuminate\Support\Facades\Facade::resolveFacadeInstance()
#7 /home/runner/work/stadi/stadi/vendor/laravel/framework/src/Illuminate/Support/Facades/Facade.php(355): Illuminate\Support\Facades\Facade::getFacadeRoot()
#8 /home/runner/work/stadi/stadi/vendor/laravel/framework/src/Illuminate/Foundation/Exceptions/RegisterErrorViewPaths.php(17): Illuminate\Support\Facades\Facade::__callStatic()
#9 /home/runner/work/stadi/stadi/vendor/laravel/framework/src/Illuminate/Foundation/Exceptions/Handler.php(915): Illuminate\Foundation\Exceptions\RegisterErrorViewPaths->__invoke()
#10 /home/runner/work/stadi/stadi/vendor/laravel/framework/src/Illuminate/Foundation/Exceptions/Handler.php(890): Illuminate\Foundation\Exceptions\Handler->registerErrorViewPaths()
#11 /home/runner/work/stadi/stadi/vendor/laravel/framework/src/Illuminate/Foundation/Exceptions/Handler.php(815): Illuminate\Foundation\Exceptions\Handler->renderHttpException()
#12 /home/runner/work/stadi/stadi/vendor/laravel/framework/src/Illuminate/Foundation/Exceptions/Handler.php(706): Illuminate\Foundation\Exceptions\Handler->prepareResponse()
#13 /home/runner/work/stadi/stadi/vendor/laravel/framework/src/Illuminate/Foundation/Exceptions/Handler.php(594): Illuminate\Foundation\Exceptions\Handler->renderExceptionResponse()
#14 /home/runner/work/stadi/stadi/vendor/laravel/framework/src/Illuminate/Foundation/Http/Kernel.php(575): Illuminate\Foundation\Exceptions\Handler->render()
#15 /home/runner/work/stadi/stadi/vendor/laravel/framework/src/Illuminate/Foundation/Http/Kernel.php(149): Illuminate\Foundation\Http\Kernel->renderException()
#16 /home/runner/work/stadi/stadi/vendor/laravel/framework/src/Illuminate/Foundation/Application.php(1220): Illuminate\Foundation\Http\Kernel->handle()
#17 /home/runner/work/stadi/stadi/public/index.php(17): Illuminate\Foundation\Application->handleRequest()
#18 Command line code(5): require('...')
#19 {main}
  thrown {"exception":"[object] (Symfony\\Component\\ErrorHandler\\Error\\FatalError(code: 0): Uncaught ReflectionException: Class \"view\" does not exist in /home/runner/work/stadi/stadi/vendor/laravel/framework/src/Illuminate/Container/Container.php:959
Stack trace:
#0 /home/runner/work/stadi/stadi/vendor/laravel/framework/src/Illuminate/Container/Container.php(959): ReflectionClass->__construct()
#1 /home/runner/work/stadi/stadi/vendor/laravel/framework/src/Illuminate/Container/Container.php(832): Illuminate\\Container\\Container->build()
#2 /home/runner/work/stadi/stadi/vendor/laravel/framework/src/Illuminate/Foundation/Application.php(1078): Illuminate\\Container\\Container->resolve()
#3 /home/runner/work/stadi/stadi/vendor/laravel/framework/src/Illuminate/Container/Container.php(763): Illuminate\\Foundation\\Application->resolve()
#4 /home/runner/work/stadi/stadi/vendor/laravel/framework/src/Illuminate/Foundation/Application.php(1058): Illuminate\\Container\\Container->make()
#5 /home/runner/work/stadi/stadi/vendor/laravel/framework/src/Illuminate/Container/Container.php(1580): Illuminate\\Foundation\\Application->make()
#6 /home/runner/work/stadi/stadi/vendor/laravel/framework/src/Illuminate/Support/Facades/Facade.php(239): Illuminate\\Container\\Container->offsetGet()
#7 /home/runner/work/stadi/stadi/vendor/laravel/framework/src/Illuminate/Support/Facades/Facade.php(210): Illuminate\\Support\\Facades\\Facade::resolveFacadeInstance()
#8 /home/runner/work/stadi/stadi/vendor/laravel/framework/src/Illuminate/Support/Facades/Facade.php(355): Illuminate\\Support\\Facades\\Facade::getFacadeRoot()
#9 /home/runner/work/stadi/stadi/vendor/laravel/framework/src/Illuminate/Foundation/Exceptions/RegisterErrorViewPaths.php(17): Illuminate\\Support\\Facades\\Facade::__callStatic()
#10 /home/runner/work/stadi/stadi/vendor/laravel/framework/src/Illuminate/Foundation/Exceptions/Handler.php(915): Illuminate\\Foundation\\Exceptions\\RegisterErrorViewPaths->__invoke()
#11 /home/runner/work/stadi/stadi/vendor/laravel/framework/src/Illuminate/Foundation/Exceptions/Handler.php(890): Illuminate\\Foundation\\Exceptions\\Handler->registerErrorViewPaths()
#12 /home/runner/work/stadi/stadi/vendor/laravel/framework/src/Illuminate/Foundation/Exceptions/Handler.php(815): Illuminate\\Foundation\\Exceptions\\Handler->renderHttpException()
#13 /home/runner/work/stadi/stadi/vendor/laravel/framework/src/Illuminate/Foundation/Exceptions/Handler.php(706): Illuminate\\Foundation\\Exceptions\\Handler->prepareResponse()
#14 /home/runner/work/stadi/stadi/vendor/laravel/framework/src/Illuminate/Foundation/Exceptions/Handler.php(594): Illuminate\\Foundation\\Exceptions\\Handler->renderExceptionResponse()
#15 /home/runner/work/stadi/stadi/vendor/laravel/framework/src/Illuminate/Foundation/Http/Kernel.php(575): Illuminate\\Foundation\\Exceptions\\Handler->render()
#16 /home/runner/work/stadi/stadi/vendor/laravel/framework/src/Illuminate/Foundation/Http/Kernel.php(149): Illuminate\\Foundation\\Http\\Kernel->renderException()
#17 /home/runner/work/stadi/stadi/vendor/laravel/framework/src/Illuminate/Foundation/Application.php(1220): Illuminate\\Foundation\\Http\\Kernel->handle()
#18 /home/runner/work/stadi/stadi/public/index.php(17): Illuminate\\Foundation\\Application->handleRequest()
#19 Command line code(5): require('...')
#20 {main}

Next Illuminate\\Contracts\\Container\\BindingResolutionException: Target class [view] does not exist. in /home/runner/work/stadi/stadi/vendor/laravel/framework/src/Illuminate/Container/Container.php:961
Stack trace:
#0 /home/runner/work/stadi/stadi/vendor/laravel/framework/src/Illuminate/Container/Container.php(832): Illuminate\\Container\\Container->build()
#1 /home/runner/work/stadi/stadi/vendor/laravel/framework/src/Illuminate/Foundation/Application.php(1078): Illuminate\\Container\\Container->resolve()
#2 /home/runner/work/stadi/stadi/vendor/laravel/framework/src/Illuminate/Container/Container.php(763): Illuminate\\Foundation\\Application->resolve()
#3 /home/runner/work/stadi/stadi/vendor/laravel/framework/src/Illuminate/Foundation/Application.php(1058): Illuminate\\Container\\Container->make()
#4 /home/runner/work/stadi/stadi/vendor/laravel/framework/src/Illuminate/Container/Container.php(1580): Illuminate\\Foundation\\Application->make()
#5 /home/runner/work/stadi/stadi/vendor/laravel/framework/src/Illuminate/Support/Facades/Facade.php(239): Illuminate\\Container\\Container->offsetGet()
#6 /home/runner/work/stadi/stadi/vendor/laravel/framework/src/Illuminate/Support/Facades/Facade.php(210): Illuminate\\Support\\Facades\\Facade::resolveFacadeInstance()
#7 /home/runner/work/stadi/stadi/vendor/laravel/framework/src/Illuminate/Support/Facades/Facade.php(355): Illuminate\\Support\\Facades\\Facade::getFacadeRoot()
#8 /home/runner/work/stadi/stadi/vendor/laravel/framework/src/Illuminate/Foundation/Exceptions/RegisterErrorViewPaths.php(17): Illuminate\\Support\\Facades\\Facade::__callStatic()
#9 /home/runner/work/stadi/stadi/vendor/laravel/framework/src/Illuminate/Foundation/Exceptions/Handler.php(915): Illuminate\\Foundation\\Exceptions\\RegisterErrorViewPaths->__invoke()
#10 /home/runner/work/stadi/stadi/vendor/laravel/framework/src/Illuminate/Foundation/Exceptions/Handler.php(890): Illuminate\\Foundation\\Exceptions\\Handler->registerErrorViewPaths()
#11 /home/runner/work/stadi/stadi/vendor/laravel/framework/src/Illuminate/Foundation/Exceptions/Handler.php(815): Illuminate\\Foundation\\Exceptions\\Handler->renderHttpException()
#12 /home/runner/work/stadi/stadi/vendor/laravel/framework/src/Illuminate/Foundation/Exceptions/Handler.php(706): Illuminate\\Foundation\\Exceptions\\Handler->prepareResponse()
#13 /home/runner/work/stadi/stadi/vendor/laravel/framework/src/Illuminate/Foundation/Exceptions/Handler.php(594): Illuminate\\Foundation\\Exceptions\\Handler->renderExceptionResponse()
#14 /home/runner/work/stadi/stadi/vendor/laravel/framework/src/Illuminate/Foundation/Http/Kernel.php(575): Illuminate\\Foundation\\Exceptions\\Handler->render()
#15 /home/runner/work/stadi/stadi/vendor/laravel/framework/src/Illuminate/Foundation/Http/Kernel.php(149): Illuminate\\Foundation\\Http\\Kernel->renderException()
#16 /home/runner/work/stadi/stadi/vendor/laravel/framework/src/Illuminate/Foundation/Application.php(1220): Illuminate\\Foundation\\Http\\Kernel->handle()
#17 /home/runner/work/stadi/stadi/public/index.php(17): Illuminate\\Foundation\\Application->handleRequest()
#18 Command line code(5): require('...')
#19 {main}
  thrown at /home/runner/work/stadi/stadi/vendor/laravel/framework/src/Illuminate/Container/Container.php:961)
[stacktrace]
#0 /home/runner/work/stadi/stadi/vendor/laravel/framework/src/Illuminate/Foundation/Bootstrap/HandleExceptions.php(247): Symfony\\Component\\ErrorHandler\\Error\\FatalError->__construct(message: '...', code: '...', error: '...', traceOffset: '...', traceArgs: '...', trace: '...')
#1 /home/runner/work/stadi/stadi/vendor/laravel/framework/src/Illuminate/Foundation/Bootstrap/HandleExceptions.php(234): Illuminate\\Foundation\\Bootstrap\\HandleExceptions->fatalErrorFromPhpError(error: '...', traceOffset: '...')
#2 /home/runner/work/stadi/stadi/vendor/laravel/framework/src/Illuminate/Foundation/Bootstrap/HandleExceptions.php(258): Illuminate\\Foundation\\Bootstrap\\HandleExceptions->handleShutdown()
#3 /home/runner/work/stadi/stadi/vendor/laravel/framework/src/Illuminate/Foundation/Bootstrap/HandleExceptions.php(0): Illuminate\\Foundation\\Bootstrap\\HandleExceptions->Illuminate\\Foundation\\Bootstrap\\{closure:/home/runner/work/stadi/stadi/vendor/laravel/framework/src/Illuminate/Foundation/Bootstrap/HandleExceptions.php:257-259}()
#4 {main}
"} 
